[2025-03-10T07:05:31.405Z] INFO: ===== 开始新的图像生成请求 =====
-----------------------------------

[2025-03-10T07:05:31.407Z] INFO: 原始提示词: "一个小男孩，在足球场"
-----------------------------------

[2025-03-10T07:05:31.407Z] INFO: 开始处理提示词: "一个小男孩，在足球场"
-----------------------------------

[2025-03-10T07:05:31.407Z] INFO: 调用阿里云QWQ 32B API开始
数据: {
  "model": "qwq-32b",
  "prompt": "我需要你帮我优化以下中文提示词，用于AI图像生成。\n请生成一个详细、富有创意、高质量的中文图像描述，包括构图、风格、光照、颜色、情绪等元素。\n仅输出优化后的中文提示词，不要翻译成英文，也不要有其他解释。\n原始提示词: \"一个小男孩，在足球场\""
}
-----------------------------------

[2025-03-10T07:05:44.964Z] INFO: 阿里云QWQ 32B API响应
数据: {
  "optimizedPrompt": "【超现实主义足球场场景】俯视视角拍摄的10岁小男孩，金色夕阳将足球场染成琥珀色，男孩身着褪色蓝白条纹球衣，正以芭蕾式腾空动作凌空抽射，足球划出银色光轨直奔球门左上角。背景虚化的观众席泛起紫罗兰暮色，草叶在疾风中扬起翡翠色碎片，男孩发梢漂浮着细小的光尘，汗珠折射出彩虹光晕，画面弥漫着胜利在望的灼热张力，空气里凝固着0.01秒的戏剧性瞬间，普普艺术风格的橙红色球门网与克莱因蓝天空形成强烈撞色。"
}
-----------------------------------

[2025-03-10T07:05:44.965Z] INFO: 优化后的提示词: "【超现实主义足球场场景】俯视视角拍摄的10岁小男孩，金色夕阳将足球场染成琥珀色，男孩身着褪色蓝白条纹球衣，正以芭蕾式腾空动作凌空抽射，足球划出银色光轨直奔球门左上角。背景虚化的观众席泛起紫罗兰暮色，草叶在疾风中扬起翡翠色碎片，男孩发梢漂浮着细小的光尘，汗珠折射出彩虹光晕，画面弥漫着胜利在望的灼热张力，空气里凝固着0.01秒的戏剧性瞬间，普普艺术风格的橙红色球门网与克莱因蓝天空形成强烈撞色。"
-----------------------------------

[2025-03-10T07:05:44.965Z] INFO: 准备生成图像，提示词: "【超现实主义足球场场景】俯视视角拍摄的10岁小男孩，金色夕阳将足球场染成琥珀色，男孩身着褪色蓝白条纹球衣，正以芭蕾式腾空动作凌空抽射，足球划出银色光轨直奔球门左上角。背景虚化的观众席泛起紫罗兰暮色，草叶在疾风中扬起翡翠色碎片，男孩发梢漂浮着细小的光尘，汗珠折射出彩虹光晕，画面弥漫着胜利在望的灼热张力，空气里凝固着0.01秒的戏剧性瞬间，普普艺术风格的橙红色球门网与克莱因蓝天空形成强烈撞色。"
-----------------------------------

[2025-03-10T07:05:44.966Z] INFO: 调用阿里云通义万相API开始
数据: {
  "url": "https://dashscope.aliyuncs.com/api/v1/services/aigc/text2image/image-synthesis",
  "body": {
    "model": "wanx2.1-t2i-turbo",
    "input": {
      "prompt": "【超现实主义足球场场景】俯视视角拍摄的10岁小男孩，金色夕阳将足球场染成琥珀色，男孩身着褪色蓝白条纹球衣，正以芭蕾式腾空动作凌空抽射，足球划出银色光轨直奔球门左上角。背景虚化的观众席泛起紫罗兰暮色，草叶在疾风中扬起翡翠色碎片，男孩发梢漂浮着细小的光尘，汗珠折射出彩虹光晕，画面弥漫着胜利在望的灼热张力，空气里凝固着0.01秒的戏剧性瞬间，普普艺术风格的橙红色球门网与克莱因蓝天空形成强烈撞色。"
    },
    "parameters": {
      "size": "1024*1024",
      "n": 4,
      "prompt_extend": true,
      "watermark": false
    }
  },
  "headers": {
    "Content-Type": "application/json",
    "X-DashScope-Async": "enable",
    "Authorization": "Beare**********"
  }
}
-----------------------------------

[2025-03-10T07:05:45.286Z] INFO: 阿里云API响应: 状态码=200
数据: {
  "output": {
    "task_status": "PENDING",
    "task_id": "87deca9e-0389-450f-92d4-9062740de0c1"
  },
  "request_id": "20ee93d0-9f83-9e0a-8f61-ebdc33f95133"
}
-----------------------------------

[2025-03-10T07:05:45.287Z] INFO: 通义万相任务创建成功
数据: {
  "output": {
    "task_status": "PENDING",
    "task_id": "87deca9e-0389-450f-92d4-9062740de0c1"
  },
  "request_id": "20ee93d0-9f83-9e0a-8f61-ebdc33f95133"
}
-----------------------------------

[2025-03-10T07:05:45.288Z] INFO: 获取到任务ID: 87deca9e-0389-450f-92d4-9062740de0c1，开始等待任务完成
-----------------------------------

[2025-03-10T07:05:45.288Z] INFO: 轮询任务状态 (第1次): 任务ID=87deca9e-0389-450f-92d4-9062740de0c1
-----------------------------------

[2025-03-10T07:05:47.289Z] INFO: 查询任务状态: GET https://dashscope.aliyuncs.com/api/v1/tasks/87deca9e-0389-450f-92d4-9062740de0c1
-----------------------------------

[2025-03-10T07:05:47.407Z] INFO: 任务状态响应: 状态码=200
数据: {
  "request_id": "6de55740-f942-9ab5-a127-597ae4daca27",
  "output": {
    "task_id": "87deca9e-0389-450f-92d4-9062740de0c1",
    "task_status": "RUNNING",
    "submit_time": "2025-03-10 15:05:45.354",
    "scheduled_time": "2025-03-10 15:05:45.372"
  }
}
-----------------------------------

[2025-03-10T07:05:47.409Z] INFO: 任务处理中... 第1次检查, 状态: RUNNING
-----------------------------------

[2025-03-10T07:05:47.410Z] INFO: 轮询任务状态 (第2次): 任务ID=87deca9e-0389-450f-92d4-9062740de0c1
-----------------------------------

[2025-03-10T07:05:49.411Z] INFO: 查询任务状态: GET https://dashscope.aliyuncs.com/api/v1/tasks/87deca9e-0389-450f-92d4-9062740de0c1
-----------------------------------

[2025-03-10T07:05:49.577Z] INFO: 任务状态响应: 状态码=200
数据: {
  "request_id": "2270faae-77de-9a87-86f5-a51483405fd6",
  "output": {
    "task_id": "87deca9e-0389-450f-92d4-9062740de0c1",
    "task_status": "RUNNING",
    "submit_time": "2025-03-10 15:05:45.354",
    "scheduled_time": "2025-03-10 15:05:45.372"
  }
}
-----------------------------------

[2025-03-10T07:05:49.578Z] INFO: 任务处理中... 第2次检查, 状态: RUNNING
-----------------------------------

[2025-03-10T07:05:49.579Z] INFO: 轮询任务状态 (第3次): 任务ID=87deca9e-0389-450f-92d4-9062740de0c1
-----------------------------------

[2025-03-10T07:05:51.582Z] INFO: 查询任务状态: GET https://dashscope.aliyuncs.com/api/v1/tasks/87deca9e-0389-450f-92d4-9062740de0c1
-----------------------------------

[2025-03-10T07:05:51.694Z] INFO: 任务状态响应: 状态码=200
数据: {
  "request_id": "04d24385-7cb5-9376-811b-ea69fdc14479",
  "output": {
    "task_id": "87deca9e-0389-450f-92d4-9062740de0c1",
    "task_status": "RUNNING",
    "submit_time": "2025-03-10 15:05:45.354",
    "scheduled_time": "2025-03-10 15:05:45.372"
  }
}
-----------------------------------

[2025-03-10T07:05:51.694Z] INFO: 任务处理中... 第3次检查, 状态: RUNNING
-----------------------------------

[2025-03-10T07:05:51.694Z] INFO: 轮询任务状态 (第4次): 任务ID=87deca9e-0389-450f-92d4-9062740de0c1
-----------------------------------

[2025-03-10T07:05:53.697Z] INFO: 查询任务状态: GET https://dashscope.aliyuncs.com/api/v1/tasks/87deca9e-0389-450f-92d4-9062740de0c1
-----------------------------------

[2025-03-10T07:05:53.793Z] INFO: 任务状态响应: 状态码=200
数据: {
  "request_id": "bbf689e6-1570-997c-8fcc-86d69aa87b5e",
  "output": {
    "task_id": "87deca9e-0389-450f-92d4-9062740de0c1",
    "task_status": "RUNNING",
    "submit_time": "2025-03-10 15:05:45.354",
    "scheduled_time": "2025-03-10 15:05:45.372"
  }
}
-----------------------------------

[2025-03-10T07:05:53.794Z] INFO: 任务处理中... 第4次检查, 状态: RUNNING
-----------------------------------

[2025-03-10T07:05:53.794Z] INFO: 轮询任务状态 (第5次): 任务ID=87deca9e-0389-450f-92d4-9062740de0c1
-----------------------------------

[2025-03-10T07:05:55.795Z] INFO: 查询任务状态: GET https://dashscope.aliyuncs.com/api/v1/tasks/87deca9e-0389-450f-92d4-9062740de0c1
-----------------------------------

[2025-03-10T07:05:55.906Z] INFO: 任务状态响应: 状态码=200
数据: {
  "request_id": "6738ff2f-aa00-9be3-8e81-545250df7c2b",
  "output": {
    "task_id": "87deca9e-0389-450f-92d4-9062740de0c1",
    "task_status": "RUNNING",
    "submit_time": "2025-03-10 15:05:45.354",
    "scheduled_time": "2025-03-10 15:05:45.372"
  }
}
-----------------------------------

[2025-03-10T07:05:55.908Z] INFO: 任务处理中... 第5次检查, 状态: RUNNING
-----------------------------------

[2025-03-10T07:05:55.909Z] INFO: 轮询任务状态 (第6次): 任务ID=87deca9e-0389-450f-92d4-9062740de0c1
-----------------------------------

[2025-03-10T07:05:57.910Z] INFO: 查询任务状态: GET https://dashscope.aliyuncs.com/api/v1/tasks/87deca9e-0389-450f-92d4-9062740de0c1
-----------------------------------

[2025-03-10T07:05:58.011Z] INFO: 任务状态响应: 状态码=200
数据: {
  "request_id": "6a636dff-5430-909e-8f81-d4242fd3974b",
  "output": {
    "task_id": "87deca9e-0389-450f-92d4-9062740de0c1",
    "task_status": "RUNNING",
    "submit_time": "2025-03-10 15:05:45.354",
    "scheduled_time": "2025-03-10 15:05:45.372"
  }
}
-----------------------------------

[2025-03-10T07:05:58.012Z] INFO: 任务处理中... 第6次检查, 状态: RUNNING
-----------------------------------

[2025-03-10T07:05:58.013Z] INFO: 轮询任务状态 (第7次): 任务ID=87deca9e-0389-450f-92d4-9062740de0c1
-----------------------------------

[2025-03-10T07:06:00.015Z] INFO: 查询任务状态: GET https://dashscope.aliyuncs.com/api/v1/tasks/87deca9e-0389-450f-92d4-9062740de0c1
-----------------------------------

[2025-03-10T07:06:00.144Z] INFO: 任务状态响应: 状态码=200
数据: {
  "request_id": "be3374c6-8282-9c1b-88a3-46796e36820b",
  "output": {
    "task_id": "87deca9e-0389-450f-92d4-9062740de0c1",
    "task_status": "RUNNING",
    "submit_time": "2025-03-10 15:05:45.354",
    "scheduled_time": "2025-03-10 15:05:45.372"
  }
}
-----------------------------------

[2025-03-10T07:06:00.145Z] INFO: 任务处理中... 第7次检查, 状态: RUNNING
-----------------------------------

[2025-03-10T07:06:00.146Z] INFO: 轮询任务状态 (第8次): 任务ID=87deca9e-0389-450f-92d4-9062740de0c1
-----------------------------------

[2025-03-10T07:06:02.150Z] INFO: 查询任务状态: GET https://dashscope.aliyuncs.com/api/v1/tasks/87deca9e-0389-450f-92d4-9062740de0c1
-----------------------------------

[2025-03-10T07:06:02.277Z] INFO: 任务状态响应: 状态码=200
数据: {
  "request_id": "5edab497-c9df-98c9-9aed-8441469d6e01",
  "output": {
    "task_id": "87deca9e-0389-450f-92d4-9062740de0c1",
    "task_status": "RUNNING",
    "submit_time": "2025-03-10 15:05:45.354",
    "scheduled_time": "2025-03-10 15:05:45.372"
  }
}
-----------------------------------

[2025-03-10T07:06:02.279Z] INFO: 任务处理中... 第8次检查, 状态: RUNNING
-----------------------------------

[2025-03-10T07:06:02.279Z] INFO: 轮询任务状态 (第9次): 任务ID=87deca9e-0389-450f-92d4-9062740de0c1
-----------------------------------

[2025-03-10T07:06:04.282Z] INFO: 查询任务状态: GET https://dashscope.aliyuncs.com/api/v1/tasks/87deca9e-0389-450f-92d4-9062740de0c1
-----------------------------------

[2025-03-10T07:06:04.389Z] INFO: 任务状态响应: 状态码=200
数据: {
  "request_id": "f03a9df8-df6a-91b0-bcfe-4619a3c386f9",
  "output": {
    "task_id": "87deca9e-0389-450f-92d4-9062740de0c1",
    "task_status": "RUNNING",
    "submit_time": "2025-03-10 15:05:45.354",
    "scheduled_time": "2025-03-10 15:05:45.372"
  }
}
-----------------------------------

[2025-03-10T07:06:04.391Z] INFO: 任务处理中... 第9次检查, 状态: RUNNING
-----------------------------------

[2025-03-10T07:06:04.391Z] INFO: 轮询任务状态 (第10次): 任务ID=87deca9e-0389-450f-92d4-9062740de0c1
-----------------------------------

[2025-03-10T07:06:06.393Z] INFO: 查询任务状态: GET https://dashscope.aliyuncs.com/api/v1/tasks/87deca9e-0389-450f-92d4-9062740de0c1
-----------------------------------

[2025-03-10T07:06:06.504Z] INFO: 任务状态响应: 状态码=200
数据: {
  "request_id": "1ae2276c-e752-910c-aa19-f84ea6c4220d",
  "output": {
    "task_id": "87deca9e-0389-450f-92d4-9062740de0c1",
    "task_status": "RUNNING",
    "submit_time": "2025-03-10 15:05:45.354",
    "scheduled_time": "2025-03-10 15:05:45.372"
  }
}
-----------------------------------

[2025-03-10T07:06:06.505Z] INFO: 任务处理中... 第10次检查, 状态: RUNNING
-----------------------------------

[2025-03-10T07:06:06.506Z] INFO: 轮询任务状态 (第11次): 任务ID=87deca9e-0389-450f-92d4-9062740de0c1
-----------------------------------

[2025-03-10T07:06:08.507Z] INFO: 查询任务状态: GET https://dashscope.aliyuncs.com/api/v1/tasks/87deca9e-0389-450f-92d4-9062740de0c1
-----------------------------------

[2025-03-10T07:06:08.625Z] INFO: 任务状态响应: 状态码=200
数据: {
  "request_id": "c83a8675-0308-9f12-b9f8-570f2a5ec349",
  "output": {
    "task_id": "87deca9e-0389-450f-92d4-9062740de0c1",
    "task_status": "RUNNING",
    "submit_time": "2025-03-10 15:05:45.354",
    "scheduled_time": "2025-03-10 15:05:45.372"
  }
}
-----------------------------------

[2025-03-10T07:06:08.627Z] INFO: 任务处理中... 第11次检查, 状态: RUNNING
-----------------------------------

[2025-03-10T07:06:08.628Z] INFO: 轮询任务状态 (第12次): 任务ID=87deca9e-0389-450f-92d4-9062740de0c1
-----------------------------------

[2025-03-10T07:06:10.629Z] INFO: 查询任务状态: GET https://dashscope.aliyuncs.com/api/v1/tasks/87deca9e-0389-450f-92d4-9062740de0c1
-----------------------------------

[2025-03-10T07:06:10.730Z] INFO: 任务状态响应: 状态码=200
数据: {
  "request_id": "ca90a790-b639-9375-aa7a-f518cc9cc984",
  "output": {
    "task_id": "87deca9e-0389-450f-92d4-9062740de0c1",
    "task_status": "SUCCEEDED",
    "submit_time": "2025-03-10 15:05:45.354",
    "scheduled_time": "2025-03-10 15:05:45.372",
    "end_time": "2025-03-10 15:06:09.606",
    "results": [
      {
        "orig_prompt": "【超现实主义足球场场景】俯视视角拍摄的10岁小男孩，金色夕阳将足球场染成琥珀色，男孩身着褪色蓝白条纹球衣，正以芭蕾式腾空动作凌空抽射，足球划出银色光轨直奔球门左上角。背景虚化的观众席泛起紫罗兰暮色，草叶在疾风中扬起翡翠色碎片，男孩发梢漂浮着细小的光尘，汗珠折射出彩虹光晕，画面弥漫着胜利在望的灼热张力，空气里凝固着0.01秒的戏剧性瞬间，普普艺术风格的橙红色球门网与克莱因蓝天空形成强烈撞色。",
        "actual_prompt": "超现实主义足球场场景，俯视视角捕捉10岁小男孩的腾空瞬间。金色夕阳将绿茵场染成琥珀色调，男孩身着泛旧蓝白条纹球衣，以优雅芭蕾姿态凌空抽射。足球拖曳银色轨迹飞向橙红色普普风球门左上角。紫罗兰暮色笼罩虚化观众席，翡翠草屑与光尘飞扬，汗珠散射彩虹光芒。克莱因蓝天空映衬下，画面充满胜利张力与戏剧性定格瞬间，广角镜头强化视觉冲击力。",
        "url": "https://dashscope-result-wlcb-acdr-1.oss-cn-wulanchabu-acdr-1.aliyuncs.com/1d/be/20250310/8928fb36/87deca9e-0389-450f-92d4-9062740de0c12564616494.png?Expires=1741676753&OSSAccessKeyId=LTAI5tKPD3TMqf2Lna1fASuh&Signature=Q4rh0%2FM4kzu%2F2SUnySBBLFOtkwg%3D"
      },
      {
        "orig_prompt": "【超现实主义足球场场景】俯视视角拍摄的10岁小男孩，金色夕阳将足球场染成琥珀色，男孩身着褪色蓝白条纹球衣，正以芭蕾式腾空动作凌空抽射，足球划出银色光轨直奔球门左上角。背景虚化的观众席泛起紫罗兰暮色，草叶在疾风中扬起翡翠色碎片，男孩发梢漂浮着细小的光尘，汗珠折射出彩虹光晕，画面弥漫着胜利在望的灼热张力，空气里凝固着0.01秒的戏剧性瞬间，普普艺术风格的橙红色球门网与克莱因蓝天空形成强烈撞色。",
        "actual_prompt": "超现实主义足球场场景，俯视视角捕捉10岁小男孩的腾空瞬间。金色夕阳将绿茵场染成琥珀色调，男孩身着泛旧蓝白条纹球衣，以优雅芭蕾姿态凌空抽射。足球拖曳银色轨迹飞向橙红色普普风球门左上角。紫罗兰暮色笼罩虚化观众席，翡翠草屑与光尘飞扬，汗珠散射彩虹光芒。克莱因蓝天空映衬下，画面充满胜利张力与戏剧性定格瞬间，广角镜头强化视觉冲击力。",
        "url": "https://dashscope-result-sh.oss-cn-shanghai.aliyuncs.com/1d/f9/20250310/775d1686/87deca9e-0389-450f-92d4-9062740de0c12564616496.png?Expires=1741676764&OSSAccessKeyId=LTAI5tKPD3TMqf2Lna1fASuh&Signature=9idUyybprQl3q0wn%2B4vuvpHrObc%3D"
      },
      {
        "orig_prompt": "【超现实主义足球场场景】俯视视角拍摄的10岁小男孩，金色夕阳将足球场染成琥珀色，男孩身着褪色蓝白条纹球衣，正以芭蕾式腾空动作凌空抽射，足球划出银色光轨直奔球门左上角。背景虚化的观众席泛起紫罗兰暮色，草叶在疾风中扬起翡翠色碎片，男孩发梢漂浮着细小的光尘，汗珠折射出彩虹光晕，画面弥漫着胜利在望的灼热张力，空气里凝固着0.01秒的戏剧性瞬间，普普艺术风格的橙红色球门网与克莱因蓝天空形成强烈撞色。",
        "actual_prompt": "超现实主义足球场场景，俯视视角捕捉10岁小男孩的腾空瞬间。金色夕阳将绿茵场染成琥珀色调，男孩身着泛旧蓝白条纹球衣，以优雅芭蕾姿态凌空抽射。足球拖曳银色轨迹飞向橙红色普普风球门左上角。紫罗兰暮色笼罩虚化观众席，翡翠草屑与光尘飞扬，汗珠散射彩虹光芒。克莱因蓝天空映衬下，画面充满胜利张力与戏剧性定格瞬间，广角镜头强化视觉冲击力。",
        "url": "https://dashscope-result-sh.oss-cn-shanghai.aliyuncs.com/1d/e4/20250310/775d1686/87deca9e-0389-450f-92d4-9062740de0c12564616495.png?Expires=1741676760&OSSAccessKeyId=LTAI5tKPD3TMqf2Lna1fASuh&Signature=1p3W0JKLExvLBvBPFFVtlEXG8ro%3D"
      },
      {
        "orig_prompt": "【超现实主义足球场场景】俯视视角拍摄的10岁小男孩，金色夕阳将足球场染成琥珀色，男孩身着褪色蓝白条纹球衣，正以芭蕾式腾空动作凌空抽射，足球划出银色光轨直奔球门左上角。背景虚化的观众席泛起紫罗兰暮色，草叶在疾风中扬起翡翠色碎片，男孩发梢漂浮着细小的光尘，汗珠折射出彩虹光晕，画面弥漫着胜利在望的灼热张力，空气里凝固着0.01秒的戏剧性瞬间，普普艺术风格的橙红色球门网与克莱因蓝天空形成强烈撞色。",
        "actual_prompt": "超现实主义足球场场景，俯视视角捕捉10岁小男孩的腾空瞬间。金色夕阳将绿茵场染成琥珀色调，男孩身着泛旧蓝白条纹球衣，以优雅芭蕾姿态凌空抽射。足球拖曳银色轨迹飞向橙红色普普风球门左上角。紫罗兰暮色笼罩虚化观众席，翡翠草屑与光尘飞扬，汗珠散射彩虹光芒。克莱因蓝天空映衬下，画面充满胜利张力与戏剧性定格瞬间，广角镜头强化视觉冲击力。",
        "url": "https://dashscope-result-sh.oss-cn-shanghai.aliyuncs.com/1d/b7/20250310/775d1686/87deca9e-0389-450f-92d4-9062740de0c12564616493.png?Expires=1741676756&OSSAccessKeyId=LTAI5tKPD3TMqf2Lna1fASuh&Signature=chMMRTJhcHUWaA4PGCZQPsVRshU%3D"
      }
    ],
    "task_metrics": {
      "TOTAL": 4,
      "SUCCEEDED": 4,
      "FAILED": 0
    }
  },
  "usage": {
    "image_count": 4
  }
}
-----------------------------------

[2025-03-10T07:06:10.734Z] INFO: 任务成功完成
数据: {
  "request_id": "ca90a790-b639-9375-aa7a-f518cc9cc984",
  "output": {
    "task_id": "87deca9e-0389-450f-92d4-9062740de0c1",
    "task_status": "SUCCEEDED",
    "submit_time": "2025-03-10 15:05:45.354",
    "scheduled_time": "2025-03-10 15:05:45.372",
    "end_time": "2025-03-10 15:06:09.606",
    "results": [
      {
        "orig_prompt": "【超现实主义足球场场景】俯视视角拍摄的10岁小男孩，金色夕阳将足球场染成琥珀色，男孩身着褪色蓝白条纹球衣，正以芭蕾式腾空动作凌空抽射，足球划出银色光轨直奔球门左上角。背景虚化的观众席泛起紫罗兰暮色，草叶在疾风中扬起翡翠色碎片，男孩发梢漂浮着细小的光尘，汗珠折射出彩虹光晕，画面弥漫着胜利在望的灼热张力，空气里凝固着0.01秒的戏剧性瞬间，普普艺术风格的橙红色球门网与克莱因蓝天空形成强烈撞色。",
        "actual_prompt": "超现实主义足球场场景，俯视视角捕捉10岁小男孩的腾空瞬间。金色夕阳将绿茵场染成琥珀色调，男孩身着泛旧蓝白条纹球衣，以优雅芭蕾姿态凌空抽射。足球拖曳银色轨迹飞向橙红色普普风球门左上角。紫罗兰暮色笼罩虚化观众席，翡翠草屑与光尘飞扬，汗珠散射彩虹光芒。克莱因蓝天空映衬下，画面充满胜利张力与戏剧性定格瞬间，广角镜头强化视觉冲击力。",
        "url": "https://dashscope-result-wlcb-acdr-1.oss-cn-wulanchabu-acdr-1.aliyuncs.com/1d/be/20250310/8928fb36/87deca9e-0389-450f-92d4-9062740de0c12564616494.png?Expires=1741676753&OSSAccessKeyId=LTAI5tKPD3TMqf2Lna1fASuh&Signature=Q4rh0%2FM4kzu%2F2SUnySBBLFOtkwg%3D"
      },
      {
        "orig_prompt": "【超现实主义足球场场景】俯视视角拍摄的10岁小男孩，金色夕阳将足球场染成琥珀色，男孩身着褪色蓝白条纹球衣，正以芭蕾式腾空动作凌空抽射，足球划出银色光轨直奔球门左上角。背景虚化的观众席泛起紫罗兰暮色，草叶在疾风中扬起翡翠色碎片，男孩发梢漂浮着细小的光尘，汗珠折射出彩虹光晕，画面弥漫着胜利在望的灼热张力，空气里凝固着0.01秒的戏剧性瞬间，普普艺术风格的橙红色球门网与克莱因蓝天空形成强烈撞色。",
        "actual_prompt": "超现实主义足球场场景，俯视视角捕捉10岁小男孩的腾空瞬间。金色夕阳将绿茵场染成琥珀色调，男孩身着泛旧蓝白条纹球衣，以优雅芭蕾姿态凌空抽射。足球拖曳银色轨迹飞向橙红色普普风球门左上角。紫罗兰暮色笼罩虚化观众席，翡翠草屑与光尘飞扬，汗珠散射彩虹光芒。克莱因蓝天空映衬下，画面充满胜利张力与戏剧性定格瞬间，广角镜头强化视觉冲击力。",
        "url": "https://dashscope-result-sh.oss-cn-shanghai.aliyuncs.com/1d/f9/20250310/775d1686/87deca9e-0389-450f-92d4-9062740de0c12564616496.png?Expires=1741676764&OSSAccessKeyId=LTAI5tKPD3TMqf2Lna1fASuh&Signature=9idUyybprQl3q0wn%2B4vuvpHrObc%3D"
      },
      {
        "orig_prompt": "【超现实主义足球场场景】俯视视角拍摄的10岁小男孩，金色夕阳将足球场染成琥珀色，男孩身着褪色蓝白条纹球衣，正以芭蕾式腾空动作凌空抽射，足球划出银色光轨直奔球门左上角。背景虚化的观众席泛起紫罗兰暮色，草叶在疾风中扬起翡翠色碎片，男孩发梢漂浮着细小的光尘，汗珠折射出彩虹光晕，画面弥漫着胜利在望的灼热张力，空气里凝固着0.01秒的戏剧性瞬间，普普艺术风格的橙红色球门网与克莱因蓝天空形成强烈撞色。",
        "actual_prompt": "超现实主义足球场场景，俯视视角捕捉10岁小男孩的腾空瞬间。金色夕阳将绿茵场染成琥珀色调，男孩身着泛旧蓝白条纹球衣，以优雅芭蕾姿态凌空抽射。足球拖曳银色轨迹飞向橙红色普普风球门左上角。紫罗兰暮色笼罩虚化观众席，翡翠草屑与光尘飞扬，汗珠散射彩虹光芒。克莱因蓝天空映衬下，画面充满胜利张力与戏剧性定格瞬间，广角镜头强化视觉冲击力。",
        "url": "https://dashscope-result-sh.oss-cn-shanghai.aliyuncs.com/1d/e4/20250310/775d1686/87deca9e-0389-450f-92d4-9062740de0c12564616495.png?Expires=1741676760&OSSAccessKeyId=LTAI5tKPD3TMqf2Lna1fASuh&Signature=1p3W0JKLExvLBvBPFFVtlEXG8ro%3D"
      },
      {
        "orig_prompt": "【超现实主义足球场场景】俯视视角拍摄的10岁小男孩，金色夕阳将足球场染成琥珀色，男孩身着褪色蓝白条纹球衣，正以芭蕾式腾空动作凌空抽射，足球划出银色光轨直奔球门左上角。背景虚化的观众席泛起紫罗兰暮色，草叶在疾风中扬起翡翠色碎片，男孩发梢漂浮着细小的光尘，汗珠折射出彩虹光晕，画面弥漫着胜利在望的灼热张力，空气里凝固着0.01秒的戏剧性瞬间，普普艺术风格的橙红色球门网与克莱因蓝天空形成强烈撞色。",
        "actual_prompt": "超现实主义足球场场景，俯视视角捕捉10岁小男孩的腾空瞬间。金色夕阳将绿茵场染成琥珀色调，男孩身着泛旧蓝白条纹球衣，以优雅芭蕾姿态凌空抽射。足球拖曳银色轨迹飞向橙红色普普风球门左上角。紫罗兰暮色笼罩虚化观众席，翡翠草屑与光尘飞扬，汗珠散射彩虹光芒。克莱因蓝天空映衬下，画面充满胜利张力与戏剧性定格瞬间，广角镜头强化视觉冲击力。",
        "url": "https://dashscope-result-sh.oss-cn-shanghai.aliyuncs.com/1d/b7/20250310/775d1686/87deca9e-0389-450f-92d4-9062740de0c12564616493.png?Expires=1741676756&OSSAccessKeyId=LTAI5tKPD3TMqf2Lna1fASuh&Signature=chMMRTJhcHUWaA4PGCZQPsVRshU%3D"
      }
    ],
    "task_metrics": {
      "TOTAL": 4,
      "SUCCEEDED": 4,
      "FAILED": 0
    }
  },
  "usage": {
    "image_count": 4
  }
}
-----------------------------------

[2025-03-10T07:06:10.735Z] INFO: 生成的图像URLs (4个):
数据: [
  "https://dashscope-result-wlcb-acdr-1.oss-cn-wulanchabu-acdr-1.aliyuncs.com/1d/be/20250310/8928fb36/87deca9e-0389-450f-92d4-9062740de0c12564616494.png?Expires=1741676753&OSSAccessKeyId=LTAI5tKPD3TMqf2Lna1fASuh&Signature=Q4rh0%2FM4kzu%2F2SUnySBBLFOtkwg%3D",
  "https://dashscope-result-sh.oss-cn-shanghai.aliyuncs.com/1d/f9/20250310/775d1686/87deca9e-0389-450f-92d4-9062740de0c12564616496.png?Expires=1741676764&OSSAccessKeyId=LTAI5tKPD3TMqf2Lna1fASuh&Signature=9idUyybprQl3q0wn%2B4vuvpHrObc%3D",
  "https://dashscope-result-sh.oss-cn-shanghai.aliyuncs.com/1d/e4/20250310/775d1686/87deca9e-0389-450f-92d4-9062740de0c12564616495.png?Expires=1741676760&OSSAccessKeyId=LTAI5tKPD3TMqf2Lna1fASuh&Signature=1p3W0JKLExvLBvBPFFVtlEXG8ro%3D",
  "https://dashscope-result-sh.oss-cn-shanghai.aliyuncs.com/1d/b7/20250310/775d1686/87deca9e-0389-450f-92d4-9062740de0c12564616493.png?Expires=1741676756&OSSAccessKeyId=LTAI5tKPD3TMqf2Lna1fASuh&Signature=chMMRTJhcHUWaA4PGCZQPsVRshU%3D"
]
-----------------------------------

[2025-03-10T07:06:10.737Z] INFO: ===== 图像生成请求完成 =====
-----------------------------------

[2025-03-10T07:33:19.955Z] INFO: 服务器运行在端口 5001
-----------------------------------

[2025-03-10T07:35:33.786Z] INFO: 服务器运行在端口 5001
-----------------------------------

[2025-03-10T07:38:17.907Z] INFO: 服务器运行在端口 5001
-----------------------------------

[2025-03-10T07:38:43.125Z] INFO: ===== 开始新的图像生成请求 =====
-----------------------------------

[2025-03-10T07:38:43.126Z] INFO: 原始提示词: "一片汪洋大海和一名旅行者"
-----------------------------------

[2025-03-10T07:38:43.126Z] INFO: 开始处理提示词: "一片汪洋大海和一名旅行者"
-----------------------------------

[2025-03-10T07:38:43.127Z] INFO: 调用阿里云QWQ 32B API开始
数据: {
  "model": "qwq-32b",
  "prompt": "我需要你帮我优化以下中文提示词，用于AI图像生成。\n请生成一个详细、富有创意、高质量的中文图像描述，包括构图、风格、光照、颜色、情绪等元素。\n仅输出优化后的中文提示词，不要翻译成英文，也不要有其他解释。\n原始提示词: \"一片汪洋大海和一名旅行者\""
}
-----------------------------------

[2025-03-10T07:39:00.297Z] INFO: 阿里云QWQ 32B API响应
数据: {
  "optimizedPrompt": "超现实风格，8K高清细节，电影级灯光渲染——广袤无垠的深蓝海洋与碧绿波涛在夕阳下交融，金色霞光穿透层叠云海洒向远方，一名身着深灰色风衣的旅行者立于巨石嶙峋的海岸，左手轻扶古旧皮质地图，右手指向天际线隐约浮现的雾霭山脉，海浪在脚下碎成晶莹水珠，发梢被海风扬起，目光坚定而深邃，背景海天交界处浮动着若隐若现的光晕与云霞，整体氛围静谧壮阔，充满探索未知的神秘感与诗意。"
}
-----------------------------------

[2025-03-10T07:39:00.300Z] INFO: 优化后的提示词: "超现实风格，8K高清细节，电影级灯光渲染——广袤无垠的深蓝海洋与碧绿波涛在夕阳下交融，金色霞光穿透层叠云海洒向远方，一名身着深灰色风衣的旅行者立于巨石嶙峋的海岸，左手轻扶古旧皮质地图，右手指向天际线隐约浮现的雾霭山脉，海浪在脚下碎成晶莹水珠，发梢被海风扬起，目光坚定而深邃，背景海天交界处浮动着若隐若现的光晕与云霞，整体氛围静谧壮阔，充满探索未知的神秘感与诗意。"
-----------------------------------

[2025-03-10T07:39:00.301Z] INFO: 准备生成图像，提示词: "超现实风格，8K高清细节，电影级灯光渲染——广袤无垠的深蓝海洋与碧绿波涛在夕阳下交融，金色霞光穿透层叠云海洒向远方，一名身着深灰色风衣的旅行者立于巨石嶙峋的海岸，左手轻扶古旧皮质地图，右手指向天际线隐约浮现的雾霭山脉，海浪在脚下碎成晶莹水珠，发梢被海风扬起，目光坚定而深邃，背景海天交界处浮动着若隐若现的光晕与云霞，整体氛围静谧壮阔，充满探索未知的神秘感与诗意。"
-----------------------------------

[2025-03-10T07:39:00.302Z] INFO: 调用阿里云通义万相API开始
数据: {
  "url": "https://dashscope.aliyuncs.com/api/v1/services/aigc/text2image/image-synthesis",
  "body": {
    "model": "wanx2.1-t2i-turbo",
    "input": {
      "prompt": "超现实风格，8K高清细节，电影级灯光渲染——广袤无垠的深蓝海洋与碧绿波涛在夕阳下交融，金色霞光穿透层叠云海洒向远方，一名身着深灰色风衣的旅行者立于巨石嶙峋的海岸，左手轻扶古旧皮质地图，右手指向天际线隐约浮现的雾霭山脉，海浪在脚下碎成晶莹水珠，发梢被海风扬起，目光坚定而深邃，背景海天交界处浮动着若隐若现的光晕与云霞，整体氛围静谧壮阔，充满探索未知的神秘感与诗意。"
    },
    "parameters": {
      "size": "1024*1024",
      "n": 4,
      "prompt_extend": true,
      "watermark": false
    }
  },
  "headers": {
    "Content-Type": "application/json",
    "X-DashScope-Async": "enable",
    "Authorization": "Beare**********"
  }
}
-----------------------------------

[2025-03-10T07:39:00.676Z] INFO: 阿里云API响应: 状态码=200
数据: {
  "output": {
    "task_status": "PENDING",
    "task_id": "2dba0f33-b9c5-466c-aba5-a01fa48255bf"
  },
  "request_id": "e2c8d1a1-6983-986e-802f-202670bb6c47"
}
-----------------------------------

[2025-03-10T07:39:00.677Z] INFO: 通义万相任务创建成功
数据: {
  "output": {
    "task_status": "PENDING",
    "task_id": "2dba0f33-b9c5-466c-aba5-a01fa48255bf"
  },
  "request_id": "e2c8d1a1-6983-986e-802f-202670bb6c47"
}
-----------------------------------

[2025-03-10T07:39:00.677Z] INFO: 获取到任务ID: 2dba0f33-b9c5-466c-aba5-a01fa48255bf，开始等待任务完成
-----------------------------------

[2025-03-10T07:39:00.678Z] INFO: 轮询任务状态 (第1次): 任务ID=2dba0f33-b9c5-466c-aba5-a01fa48255bf
-----------------------------------

[2025-03-10T07:39:02.680Z] INFO: 查询任务状态: GET https://dashscope.aliyuncs.com/api/v1/tasks/2dba0f33-b9c5-466c-aba5-a01fa48255bf
-----------------------------------

[2025-03-10T07:39:02.797Z] INFO: 任务状态响应: 状态码=200
数据: {
  "request_id": "3b5d2df9-6ca7-9c1d-9f9d-e8f49f653116",
  "output": {
    "task_id": "2dba0f33-b9c5-466c-aba5-a01fa48255bf",
    "task_status": "RUNNING",
    "submit_time": "2025-03-10 15:39:00.673",
    "scheduled_time": "2025-03-10 15:39:00.697"
  }
}
-----------------------------------

[2025-03-10T07:39:02.798Z] INFO: 任务处理中... 第1次检查, 状态: RUNNING
-----------------------------------

[2025-03-10T07:39:02.798Z] INFO: 轮询任务状态 (第2次): 任务ID=2dba0f33-b9c5-466c-aba5-a01fa48255bf
-----------------------------------

[2025-03-10T07:39:04.800Z] INFO: 查询任务状态: GET https://dashscope.aliyuncs.com/api/v1/tasks/2dba0f33-b9c5-466c-aba5-a01fa48255bf
-----------------------------------

[2025-03-10T07:39:05.051Z] INFO: 任务状态响应: 状态码=200
数据: {
  "request_id": "1c3e2c4e-7236-919f-99d4-0e6674d8d008",
  "output": {
    "task_id": "2dba0f33-b9c5-466c-aba5-a01fa48255bf",
    "task_status": "RUNNING",
    "submit_time": "2025-03-10 15:39:00.673",
    "scheduled_time": "2025-03-10 15:39:00.697"
  }
}
-----------------------------------

[2025-03-10T07:39:05.053Z] INFO: 任务处理中... 第2次检查, 状态: RUNNING
-----------------------------------

[2025-03-10T07:39:05.053Z] INFO: 轮询任务状态 (第3次): 任务ID=2dba0f33-b9c5-466c-aba5-a01fa48255bf
-----------------------------------

[2025-03-10T07:39:07.056Z] INFO: 查询任务状态: GET https://dashscope.aliyuncs.com/api/v1/tasks/2dba0f33-b9c5-466c-aba5-a01fa48255bf
-----------------------------------

[2025-03-10T07:39:07.181Z] INFO: 任务状态响应: 状态码=200
数据: {
  "request_id": "43296e68-d053-9ddd-80be-ac452f4d3b59",
  "output": {
    "task_id": "2dba0f33-b9c5-466c-aba5-a01fa48255bf",
    "task_status": "RUNNING",
    "submit_time": "2025-03-10 15:39:00.673",
    "scheduled_time": "2025-03-10 15:39:00.697"
  }
}
-----------------------------------

[2025-03-10T07:39:07.182Z] INFO: 任务处理中... 第3次检查, 状态: RUNNING
-----------------------------------

[2025-03-10T07:39:07.183Z] INFO: 轮询任务状态 (第4次): 任务ID=2dba0f33-b9c5-466c-aba5-a01fa48255bf
-----------------------------------

[2025-03-10T07:39:09.184Z] INFO: 查询任务状态: GET https://dashscope.aliyuncs.com/api/v1/tasks/2dba0f33-b9c5-466c-aba5-a01fa48255bf
-----------------------------------

[2025-03-10T07:39:09.298Z] INFO: 任务状态响应: 状态码=200
数据: {
  "request_id": "8fdb66c4-c6ca-901a-973d-4a92b8655b46",
  "output": {
    "task_id": "2dba0f33-b9c5-466c-aba5-a01fa48255bf",
    "task_status": "RUNNING",
    "submit_time": "2025-03-10 15:39:00.673",
    "scheduled_time": "2025-03-10 15:39:00.697"
  }
}
-----------------------------------

[2025-03-10T07:39:09.299Z] INFO: 任务处理中... 第4次检查, 状态: RUNNING
-----------------------------------

[2025-03-10T07:39:09.299Z] INFO: 轮询任务状态 (第5次): 任务ID=2dba0f33-b9c5-466c-aba5-a01fa48255bf
-----------------------------------

[2025-03-10T07:39:11.300Z] INFO: 查询任务状态: GET https://dashscope.aliyuncs.com/api/v1/tasks/2dba0f33-b9c5-466c-aba5-a01fa48255bf
-----------------------------------

[2025-03-10T07:39:11.400Z] INFO: 任务状态响应: 状态码=200
数据: {
  "request_id": "9bcf6ea4-3571-922e-9da9-da52e7e9c3aa",
  "output": {
    "task_id": "2dba0f33-b9c5-466c-aba5-a01fa48255bf",
    "task_status": "SUCCEEDED",
    "submit_time": "2025-03-10 15:39:00.673",
    "scheduled_time": "2025-03-10 15:39:00.697",
    "end_time": "2025-03-10 15:39:10.306",
    "results": [
      {
        "orig_prompt": "超现实风格，8K高清细节，电影级灯光渲染——广袤无垠的深蓝海洋与碧绿波涛在夕阳下交融，金色霞光穿透层叠云海洒向远方，一名身着深灰色风衣的旅行者立于巨石嶙峋的海岸，左手轻扶古旧皮质地图，右手指向天际线隐约浮现的雾霭山脉，海浪在脚下碎成晶莹水珠，发梢被海风扬起，目光坚定而深邃，背景海天交界处浮动着若隐若现的光晕与云霞，整体氛围静谧壮阔，充满探索未知的神秘感与诗意。",
        "actual_prompt": "超现实主义数字艺术，8K超高清细节呈现。深蓝海洋与翡翠绿波涛在夕阳余晖中交织，金色霞光穿透层次分明的云海，洒落在远方天际。一位身着深灰风衣的旅人立于崎岖海岸边，左手轻按古旧皮质地图，右手指向天边若隐若现的雾霭山脉。脚下海浪碎成晶莹剔透的水珠，微风吹拂起他的发梢，眼神坚定而深邃。背景海天交接处浮动着梦幻般的光晕与云霞，整体氛围静谧壮阔，充满探索未知的神秘诗意感。电影级灯光渲染，全景构图。",
        "url": "https://dashscope-result-wlcb-acdr-1.oss-cn-wulanchabu-acdr-1.aliyuncs.com/1d/14/20250310/8928fb36/2dba0f33-b9c5-466c-aba5-a01fa48255bf3762737579.png?Expires=1741678749&OSSAccessKeyId=LTAI5tKPD3TMqf2Lna1fASuh&Signature=FpTPX01gp9TATpfzhrhhDRWgqCw%3D"
      },
      {
        "orig_prompt": "超现实风格，8K高清细节，电影级灯光渲染——广袤无垠的深蓝海洋与碧绿波涛在夕阳下交融，金色霞光穿透层叠云海洒向远方，一名身着深灰色风衣的旅行者立于巨石嶙峋的海岸，左手轻扶古旧皮质地图，右手指向天际线隐约浮现的雾霭山脉，海浪在脚下碎成晶莹水珠，发梢被海风扬起，目光坚定而深邃，背景海天交界处浮动着若隐若现的光晕与云霞，整体氛围静谧壮阔，充满探索未知的神秘感与诗意。",
        "actual_prompt": "超现实主义数字艺术，8K超高清细节呈现。深蓝海洋与翡翠绿波涛在夕阳余晖中交织，金色霞光穿透层次分明的云海，洒落在远方天际。一位身着深灰风衣的旅人立于崎岖海岸边，左手轻按古旧皮质地图，右手指向天边若隐若现的雾霭山脉。脚下海浪碎成晶莹剔透的水珠，微风吹拂起他的发梢，眼神坚定而深邃。背景海天交接处浮动着梦幻般的光晕与云霞，整体氛围静谧壮阔，充满探索未知的神秘诗意感。电影级灯光渲染，全景构图。",
        "url": "https://dashscope-result-wlcb-acdr-1.oss-cn-wulanchabu-acdr-1.aliyuncs.com/1d/96/20250310/b0fe3396/2dba0f33-b9c5-466c-aba5-a01fa48255bf3762737577.png?Expires=1741678749&OSSAccessKeyId=LTAI5tKPD3TMqf2Lna1fASuh&Signature=BVLX9sppn4hm%2BOZdwFN0ifLiPgE%3D"
      },
      {
        "orig_prompt": "超现实风格，8K高清细节，电影级灯光渲染——广袤无垠的深蓝海洋与碧绿波涛在夕阳下交融，金色霞光穿透层叠云海洒向远方，一名身着深灰色风衣的旅行者立于巨石嶙峋的海岸，左手轻扶古旧皮质地图，右手指向天际线隐约浮现的雾霭山脉，海浪在脚下碎成晶莹水珠，发梢被海风扬起，目光坚定而深邃，背景海天交界处浮动着若隐若现的光晕与云霞，整体氛围静谧壮阔，充满探索未知的神秘感与诗意。",
        "actual_prompt": "超现实主义数字艺术，8K超高清细节呈现。深蓝海洋与翡翠绿波涛在夕阳余晖中交织，金色霞光穿透层次分明的云海，洒落在远方天际。一位身着深灰风衣的旅人立于崎岖海岸边，左手轻按古旧皮质地图，右手指向天边若隐若现的雾霭山脉。脚下海浪碎成晶莹剔透的水珠，微风吹拂起他的发梢，眼神坚定而深邃。背景海天交接处浮动着梦幻般的光晕与云霞，整体氛围静谧壮阔，充满探索未知的神秘诗意感。电影级灯光渲染，全景构图。",
        "url": "https://dashscope-result-wlcb-acdr-1.oss-cn-wulanchabu-acdr-1.aliyuncs.com/1d/89/20250310/b0fe3396/2dba0f33-b9c5-466c-aba5-a01fa48255bf3762737578.png?Expires=1741678749&OSSAccessKeyId=LTAI5tKPD3TMqf2Lna1fASuh&Signature=j11USbkBh7h2GCRKlU3fu%2Ffe7RA%3D"
      },
      {
        "orig_prompt": "超现实风格，8K高清细节，电影级灯光渲染——广袤无垠的深蓝海洋与碧绿波涛在夕阳下交融，金色霞光穿透层叠云海洒向远方，一名身着深灰色风衣的旅行者立于巨石嶙峋的海岸，左手轻扶古旧皮质地图，右手指向天际线隐约浮现的雾霭山脉，海浪在脚下碎成晶莹水珠，发梢被海风扬起，目光坚定而深邃，背景海天交界处浮动着若隐若现的光晕与云霞，整体氛围静谧壮阔，充满探索未知的神秘感与诗意。",
        "actual_prompt": "超现实主义数字艺术，8K超高清细节呈现。深蓝海洋与翡翠绿波涛在夕阳余晖中交织，金色霞光穿透层次分明的云海，洒落在远方天际。一位身着深灰风衣的旅人立于崎岖海岸边，左手轻按古旧皮质地图，右手指向天边若隐若现的雾霭山脉。脚下海浪碎成晶莹剔透的水珠，微风吹拂起他的发梢，眼神坚定而深邃。背景海天交接处浮动着梦幻般的光晕与云霞，整体氛围静谧壮阔，充满探索未知的神秘诗意感。电影级灯光渲染，全景构图。",
        "url": "https://dashscope-result-wlcb-acdr-1.oss-cn-wulanchabu-acdr-1.aliyuncs.com/1d/0b/20250310/8928fb36/2dba0f33-b9c5-466c-aba5-a01fa48255bf3762737580.png?Expires=1741678749&OSSAccessKeyId=LTAI5tKPD3TMqf2Lna1fASuh&Signature=D%2B6PRrmt4i0dE%2Bi3TtGxtNRv4Kg%3D"
      }
    ],
    "task_metrics": {
      "TOTAL": 4,
      "SUCCEEDED": 4,
      "FAILED": 0
    }
  },
  "usage": {
    "image_count": 4
  }
}
-----------------------------------

[2025-03-10T07:39:11.401Z] INFO: 任务成功完成
数据: {
  "request_id": "9bcf6ea4-3571-922e-9da9-da52e7e9c3aa",
  "output": {
    "task_id": "2dba0f33-b9c5-466c-aba5-a01fa48255bf",
    "task_status": "SUCCEEDED",
    "submit_time": "2025-03-10 15:39:00.673",
    "scheduled_time": "2025-03-10 15:39:00.697",
    "end_time": "2025-03-10 15:39:10.306",
    "results": [
      {
        "orig_prompt": "超现实风格，8K高清细节，电影级灯光渲染——广袤无垠的深蓝海洋与碧绿波涛在夕阳下交融，金色霞光穿透层叠云海洒向远方，一名身着深灰色风衣的旅行者立于巨石嶙峋的海岸，左手轻扶古旧皮质地图，右手指向天际线隐约浮现的雾霭山脉，海浪在脚下碎成晶莹水珠，发梢被海风扬起，目光坚定而深邃，背景海天交界处浮动着若隐若现的光晕与云霞，整体氛围静谧壮阔，充满探索未知的神秘感与诗意。",
        "actual_prompt": "超现实主义数字艺术，8K超高清细节呈现。深蓝海洋与翡翠绿波涛在夕阳余晖中交织，金色霞光穿透层次分明的云海，洒落在远方天际。一位身着深灰风衣的旅人立于崎岖海岸边，左手轻按古旧皮质地图，右手指向天边若隐若现的雾霭山脉。脚下海浪碎成晶莹剔透的水珠，微风吹拂起他的发梢，眼神坚定而深邃。背景海天交接处浮动着梦幻般的光晕与云霞，整体氛围静谧壮阔，充满探索未知的神秘诗意感。电影级灯光渲染，全景构图。",
        "url": "https://dashscope-result-wlcb-acdr-1.oss-cn-wulanchabu-acdr-1.aliyuncs.com/1d/14/20250310/8928fb36/2dba0f33-b9c5-466c-aba5-a01fa48255bf3762737579.png?Expires=1741678749&OSSAccessKeyId=LTAI5tKPD3TMqf2Lna1fASuh&Signature=FpTPX01gp9TATpfzhrhhDRWgqCw%3D"
      },
      {
        "orig_prompt": "超现实风格，8K高清细节，电影级灯光渲染——广袤无垠的深蓝海洋与碧绿波涛在夕阳下交融，金色霞光穿透层叠云海洒向远方，一名身着深灰色风衣的旅行者立于巨石嶙峋的海岸，左手轻扶古旧皮质地图，右手指向天际线隐约浮现的雾霭山脉，海浪在脚下碎成晶莹水珠，发梢被海风扬起，目光坚定而深邃，背景海天交界处浮动着若隐若现的光晕与云霞，整体氛围静谧壮阔，充满探索未知的神秘感与诗意。",
        "actual_prompt": "超现实主义数字艺术，8K超高清细节呈现。深蓝海洋与翡翠绿波涛在夕阳余晖中交织，金色霞光穿透层次分明的云海，洒落在远方天际。一位身着深灰风衣的旅人立于崎岖海岸边，左手轻按古旧皮质地图，右手指向天边若隐若现的雾霭山脉。脚下海浪碎成晶莹剔透的水珠，微风吹拂起他的发梢，眼神坚定而深邃。背景海天交接处浮动着梦幻般的光晕与云霞，整体氛围静谧壮阔，充满探索未知的神秘诗意感。电影级灯光渲染，全景构图。",
        "url": "https://dashscope-result-wlcb-acdr-1.oss-cn-wulanchabu-acdr-1.aliyuncs.com/1d/96/20250310/b0fe3396/2dba0f33-b9c5-466c-aba5-a01fa48255bf3762737577.png?Expires=1741678749&OSSAccessKeyId=LTAI5tKPD3TMqf2Lna1fASuh&Signature=BVLX9sppn4hm%2BOZdwFN0ifLiPgE%3D"
      },
      {
        "orig_prompt": "超现实风格，8K高清细节，电影级灯光渲染——广袤无垠的深蓝海洋与碧绿波涛在夕阳下交融，金色霞光穿透层叠云海洒向远方，一名身着深灰色风衣的旅行者立于巨石嶙峋的海岸，左手轻扶古旧皮质地图，右手指向天际线隐约浮现的雾霭山脉，海浪在脚下碎成晶莹水珠，发梢被海风扬起，目光坚定而深邃，背景海天交界处浮动着若隐若现的光晕与云霞，整体氛围静谧壮阔，充满探索未知的神秘感与诗意。",
        "actual_prompt": "超现实主义数字艺术，8K超高清细节呈现。深蓝海洋与翡翠绿波涛在夕阳余晖中交织，金色霞光穿透层次分明的云海，洒落在远方天际。一位身着深灰风衣的旅人立于崎岖海岸边，左手轻按古旧皮质地图，右手指向天边若隐若现的雾霭山脉。脚下海浪碎成晶莹剔透的水珠，微风吹拂起他的发梢，眼神坚定而深邃。背景海天交接处浮动着梦幻般的光晕与云霞，整体氛围静谧壮阔，充满探索未知的神秘诗意感。电影级灯光渲染，全景构图。",
        "url": "https://dashscope-result-wlcb-acdr-1.oss-cn-wulanchabu-acdr-1.aliyuncs.com/1d/89/20250310/b0fe3396/2dba0f33-b9c5-466c-aba5-a01fa48255bf3762737578.png?Expires=1741678749&OSSAccessKeyId=LTAI5tKPD3TMqf2Lna1fASuh&Signature=j11USbkBh7h2GCRKlU3fu%2Ffe7RA%3D"
      },
      {
        "orig_prompt": "超现实风格，8K高清细节，电影级灯光渲染——广袤无垠的深蓝海洋与碧绿波涛在夕阳下交融，金色霞光穿透层叠云海洒向远方，一名身着深灰色风衣的旅行者立于巨石嶙峋的海岸，左手轻扶古旧皮质地图，右手指向天际线隐约浮现的雾霭山脉，海浪在脚下碎成晶莹水珠，发梢被海风扬起，目光坚定而深邃，背景海天交界处浮动着若隐若现的光晕与云霞，整体氛围静谧壮阔，充满探索未知的神秘感与诗意。",
        "actual_prompt": "超现实主义数字艺术，8K超高清细节呈现。深蓝海洋与翡翠绿波涛在夕阳余晖中交织，金色霞光穿透层次分明的云海，洒落在远方天际。一位身着深灰风衣的旅人立于崎岖海岸边，左手轻按古旧皮质地图，右手指向天边若隐若现的雾霭山脉。脚下海浪碎成晶莹剔透的水珠，微风吹拂起他的发梢，眼神坚定而深邃。背景海天交接处浮动着梦幻般的光晕与云霞，整体氛围静谧壮阔，充满探索未知的神秘诗意感。电影级灯光渲染，全景构图。",
        "url": "https://dashscope-result-wlcb-acdr-1.oss-cn-wulanchabu-acdr-1.aliyuncs.com/1d/0b/20250310/8928fb36/2dba0f33-b9c5-466c-aba5-a01fa48255bf3762737580.png?Expires=1741678749&OSSAccessKeyId=LTAI5tKPD3TMqf2Lna1fASuh&Signature=D%2B6PRrmt4i0dE%2Bi3TtGxtNRv4Kg%3D"
      }
    ],
    "task_metrics": {
      "TOTAL": 4,
      "SUCCEEDED": 4,
      "FAILED": 0
    }
  },
  "usage": {
    "image_count": 4
  }
}
-----------------------------------

[2025-03-10T07:39:11.402Z] INFO: 生成的图像URLs (4个):
数据: [
  "https://dashscope-result-wlcb-acdr-1.oss-cn-wulanchabu-acdr-1.aliyuncs.com/1d/14/20250310/8928fb36/2dba0f33-b9c5-466c-aba5-a01fa48255bf3762737579.png?Expires=1741678749&OSSAccessKeyId=LTAI5tKPD3TMqf2Lna1fASuh&Signature=FpTPX01gp9TATpfzhrhhDRWgqCw%3D",
  "https://dashscope-result-wlcb-acdr-1.oss-cn-wulanchabu-acdr-1.aliyuncs.com/1d/96/20250310/b0fe3396/2dba0f33-b9c5-466c-aba5-a01fa48255bf3762737577.png?Expires=1741678749&OSSAccessKeyId=LTAI5tKPD3TMqf2Lna1fASuh&Signature=BVLX9sppn4hm%2BOZdwFN0ifLiPgE%3D",
  "https://dashscope-result-wlcb-acdr-1.oss-cn-wulanchabu-acdr-1.aliyuncs.com/1d/89/20250310/b0fe3396/2dba0f33-b9c5-466c-aba5-a01fa48255bf3762737578.png?Expires=1741678749&OSSAccessKeyId=LTAI5tKPD3TMqf2Lna1fASuh&Signature=j11USbkBh7h2GCRKlU3fu%2Ffe7RA%3D",
  "https://dashscope-result-wlcb-acdr-1.oss-cn-wulanchabu-acdr-1.aliyuncs.com/1d/0b/20250310/8928fb36/2dba0f33-b9c5-466c-aba5-a01fa48255bf3762737580.png?Expires=1741678749&OSSAccessKeyId=LTAI5tKPD3TMqf2Lna1fASuh&Signature=D%2B6PRrmt4i0dE%2Bi3TtGxtNRv4Kg%3D"
]
-----------------------------------

[2025-03-10T07:39:11.402Z] INFO: ===== 图像生成请求完成 =====
-----------------------------------

